This is pdfTeX, Version 3.14159265-2.6-1.40.16 (TeX Live 2015/Debian) (preloaded format=pdflatex 2017.4.12)  5 JUN 2017 03:04
entering extended mode
 restricted \write18 enabled.
 %&-line parsing enabled.
**skripsi.tex
(./skripsi.tex
LaTeX2e <2016/02/01>
Babel <3.9q> and hyphenation patterns for 81 language(s) loaded.
(/usr/share/texlive/texmf-dist/tex/latex/base/report.cls
Document Class: report 2014/09/29 v1.4h Standard LaTeX document class
(/usr/share/texlive/texmf-dist/tex/latex/base/size12.clo
File: size12.clo 2014/09/29 v1.4h Standard LaTeX file (size option)
)
\c@part=\count79
\c@chapter=\count80
\c@section=\count81
\c@subsection=\count82
\c@subsubsection=\count83
\c@paragraph=\count84
\c@subparagraph=\count85
\c@figure=\count86
\c@table=\count87
\abovecaptionskip=\skip41
\belowcaptionskip=\skip42
\bibindent=\dimen102
) (./uithesis.sty
(/usr/share/texlive/texmf-dist/tex/latex/tocbibind/tocbibind.sty
Package: tocbibind 2010/10/13 v1.5k extra ToC listings
Package tocbibind Info: The document has chapter divisions on input line 50.


Package tocbibind Note: Using chapter style headings, unless overridden.

) (/usr/share/texlive/texmf-dist/tex/latex/hyperref/hyperref.sty
Package: hyperref 2012/11/06 v6.83m Hypertext links for LaTeX

(/usr/share/texlive/texmf-dist/tex/generic/oberdiek/hobsub-hyperref.sty
Package: hobsub-hyperref 2012/05/28 v1.13 Bundle oberdiek, subset hyperref (HO)


(/usr/share/texlive/texmf-dist/tex/generic/oberdiek/hobsub-generic.sty
Package: hobsub-generic 2012/05/28 v1.13 Bundle oberdiek, subset generic (HO)
Package: hobsub 2012/05/28 v1.13 Construct package bundles (HO)
Package: infwarerr 2010/04/08 v1.3 Providing info/warning/error messages (HO)
Package: ltxcmds 2011/11/09 v1.22 LaTeX kernel commands for general use (HO)
Package: ifluatex 2010/03/01 v1.3 Provides the ifluatex switch (HO)
Package ifluatex Info: LuaTeX not detected.
Package: ifvtex 2010/03/01 v1.5 Detect VTeX and its facilities (HO)
Package ifvtex Info: VTeX not detected.
Package: intcalc 2007/09/27 v1.1 Expandable calculations with integers (HO)
Package: ifpdf 2011/01/30 v2.3 Provides the ifpdf switch (HO)
Package ifpdf Info: pdfTeX in PDF mode is detected.
Package: etexcmds 2011/02/16 v1.5 Avoid name clashes with e-TeX commands (HO)
Package etexcmds Info: Could not find \expanded.
(etexcmds)             That can mean that you are not using pdfTeX 1.50 or
(etexcmds)             that some package has redefined \expanded.
(etexcmds)             In the latter case, load this package earlier.
Package: kvsetkeys 2012/04/25 v1.16 Key value parser (HO)
Package: kvdefinekeys 2011/04/07 v1.3 Define keys (HO)
Package: pdftexcmds 2011/11/29 v0.20 Utility functions of pdfTeX for LuaTeX (HO
)
Package pdftexcmds Info: LuaTeX not detected.
Package pdftexcmds Info: \pdf@primitive is available.
Package pdftexcmds Info: \pdf@ifprimitive is available.
Package pdftexcmds Info: \pdfdraftmode found.
Package: pdfescape 2011/11/25 v1.13 Implements pdfTeX's escape features (HO)
Package: bigintcalc 2012/04/08 v1.3 Expandable calculations on big integers (HO
)
Package: bitset 2011/01/30 v1.1 Handle bit-vector datatype (HO)
Package: uniquecounter 2011/01/30 v1.2 Provide unlimited unique counter (HO)
)
Package hobsub Info: Skipping package `hobsub' (already loaded).
Package: letltxmacro 2010/09/02 v1.4 Let assignment for LaTeX macros (HO)
Package: hopatch 2012/05/28 v1.2 Wrapper for package hooks (HO)
Package: xcolor-patch 2011/01/30 xcolor patch
Package: atveryend 2011/06/30 v1.8 Hooks at the very end of document (HO)
Package atveryend Info: \enddocument detected (standard20110627).
Package: atbegshi 2011/10/05 v1.16 At begin shipout hook (HO)
Package: refcount 2011/10/16 v3.4 Data extraction from label references (HO)
Package: hycolor 2011/01/30 v1.7 Color options for hyperref/bookmark (HO)
)
(/usr/share/texlive/texmf-dist/tex/latex/graphics/keyval.sty
Package: keyval 2014/10/28 v1.15 key=value parser (DPC)
\KV@toks@=\toks14
)
(/usr/share/texlive/texmf-dist/tex/generic/ifxetex/ifxetex.sty
Package: ifxetex 2010/09/12 v0.6 Provides ifxetex conditional
)
(/usr/share/texlive/texmf-dist/tex/latex/oberdiek/auxhook.sty
Package: auxhook 2011/03/04 v1.3 Hooks for auxiliary files (HO)
)
(/usr/share/texlive/texmf-dist/tex/latex/oberdiek/kvoptions.sty
Package: kvoptions 2011/06/30 v3.11 Key value format for package options (HO)
)
\@linkdim=\dimen103
\Hy@linkcounter=\count88
\Hy@pagecounter=\count89

(/usr/share/texlive/texmf-dist/tex/latex/hyperref/pd1enc.def
File: pd1enc.def 2012/11/06 v6.83m Hyperref: PDFDocEncoding definition (HO)
)
\Hy@SavedSpaceFactor=\count90

(/usr/share/texlive/texmf-dist/tex/latex/latexconfig/hyperref.cfg
File: hyperref.cfg 2002/06/06 v1.2 hyperref configuration of TeXLive
)
Package hyperref Info: Option `final' set `true' on input line 4319.
Package hyperref Info: Hyper figures OFF on input line 4443.
Package hyperref Info: Link nesting OFF on input line 4448.
Package hyperref Info: Hyper index ON on input line 4451.
Package hyperref Info: Plain pages OFF on input line 4458.
Package hyperref Info: Backreferencing OFF on input line 4463.
Package hyperref Info: Implicit mode ON; LaTeX internals redefined.
Package hyperref Info: Bookmarks ON on input line 4688.
\c@Hy@tempcnt=\count91

(/usr/share/texlive/texmf-dist/tex/latex/url/url.sty
\Urlmuskip=\muskip10
Package: url 2013/09/16  ver 3.4  Verb mode for urls, etc.
)
LaTeX Info: Redefining \url on input line 5041.
\XeTeXLinkMargin=\dimen104
\Fld@menulength=\count92
\Field@Width=\dimen105
\Fld@charsize=\dimen106
Package hyperref Info: Hyper figures OFF on input line 6295.
Package hyperref Info: Link nesting OFF on input line 6300.
Package hyperref Info: Hyper index ON on input line 6303.
Package hyperref Info: backreferencing OFF on input line 6310.
Package hyperref Info: Link coloring OFF on input line 6315.
Package hyperref Info: Link coloring with OCG OFF on input line 6320.
Package hyperref Info: PDF/A mode OFF on input line 6325.
LaTeX Info: Redefining \ref on input line 6365.
LaTeX Info: Redefining \pageref on input line 6369.
\Hy@abspage=\count93
\c@Item=\count94
\c@Hfootnote=\count95
)

Package hyperref Message: Driver (autodetected): hpdftex.

(/usr/share/texlive/texmf-dist/tex/latex/hyperref/hpdftex.def
File: hpdftex.def 2012/11/06 v6.83m Hyperref driver for pdfTeX
\Fld@listcount=\count96
\c@bookmark@seq@number=\count97

(/usr/share/texlive/texmf-dist/tex/latex/oberdiek/rerunfilecheck.sty
Package: rerunfilecheck 2011/04/15 v1.7 Rerun checks for auxiliary files (HO)
Package uniquecounter Info: New unique counter `rerunfilecheck' on input line 2
82.
)
\Hy@SectionHShift=\skip43
)

Package hyperref Warning: Option `a4paper' is no longer used.

Package hyperref Info: Option `colorlinks' set `false' on input line 64.
Package hyperref Info: Option `bookmarksopen' set `false' on input line 64.
Package hyperref Info: Option `bookmarksnumbered' set `true' on input line 64.
(/usr/share/texlive/texmf-dist/tex/latex/multirow/multirow.sty
\bigstrutjot=\dimen107
)
(/usr/share/texlive/texmf-dist/tex/latex/graphics/graphicx.sty
Package: graphicx 2014/10/28 v1.0g Enhanced LaTeX Graphics (DPC,SPQR)

(/usr/share/texlive/texmf-dist/tex/latex/graphics/graphics.sty
Package: graphics 2016/01/03 v1.0q Standard LaTeX Graphics (DPC,SPQR)

(/usr/share/texlive/texmf-dist/tex/latex/graphics/trig.sty
Package: trig 2016/01/03 v1.10 sin cos tan (DPC)
)
(/usr/share/texlive/texmf-dist/tex/latex/latexconfig/graphics.cfg
File: graphics.cfg 2010/04/23 v1.9 graphics configuration of TeX Live
)
Package graphics Info: Driver file: pdftex.def on input line 95.

(/usr/share/texlive/texmf-dist/tex/latex/pdftex-def/pdftex.def
File: pdftex.def 2011/05/27 v0.06d Graphics/color for pdfTeX
\Gread@gobject=\count98
))
\Gin@req@height=\dimen108
\Gin@req@width=\dimen109
)
(/usr/share/texlive/texmf-dist/tex/latex/setspace/setspace.sty
Package: setspace 2011/12/19 v6.7a set line spacing
)
(/usr/share/texlive/texmf-dist/tex/latex/geometry/geometry.sty
Package: geometry 2010/09/12 v5.6 Page Geometry
\Gm@cnth=\count99
\Gm@cntv=\count100
\c@Gm@tempcnt=\count101
\Gm@bindingoffset=\dimen110
\Gm@wd@mp=\dimen111
\Gm@odd@mp=\dimen112
\Gm@even@mp=\dimen113
\Gm@layoutwidth=\dimen114
\Gm@layoutheight=\dimen115
\Gm@layouthoffset=\dimen116
\Gm@layoutvoffset=\dimen117
\Gm@dimlist=\toks15
)
(/usr/share/texlive/texmf-dist/tex/latex/caption/caption.sty
Package: caption 2016/02/21 v3.3-144 Customizing captions (AR)

(/usr/share/texlive/texmf-dist/tex/latex/caption/caption3.sty
Package: caption3 2016/02/04 v1.7-139 caption3 kernel (AR)
Package caption3 Info: TeX engine: e-TeX on input line 67.
\captionmargin=\dimen118
\captionmargin@=\dimen119
\captionwidth=\dimen120
\caption@tempdima=\dimen121
\caption@indent=\dimen122
\caption@parindent=\dimen123
\caption@hangindent=\dimen124
)
\c@ContinuedFloat=\count102
Package caption Info: hyperref package is loaded.
)
(/usr/share/texlive/texmf-dist/tex/latex/subfloat/subfloat.sty
Package: subfloat 2003/08/21 version 2.14

Package `subfloat', Version 2.14 of 2003/08/21.

Package subfloat Warning: Numbers of floats not counted:
(subfloat)                If you use one of the counters subfloatfiguremax or
(subfloat)                subfloattablemax you will get strange error messages
(subfloat)                containing \c@subfloatfiguremax or
(subfloat)                \c@subfloattablemax:
(subfloat)                Please switch on countmax or remove the code using
(subfloat)                the counter then..

) (/usr/share/texlive/texmf-dist/tex/latex/pslatex/pslatex.sty
Package: pslatex 1996/07/24 v1.2 pslatex emulation (DPC)
LaTeX Font Info:    Redeclaring symbol font `operators' on input line 65.
LaTeX Font Info:    Overwriting symbol font `operators' in version `normal'
(Font)                  OT1/cmr/m/n --> OT1/ptmcm/m/n on input line 65.
LaTeX Font Info:    Overwriting symbol font `operators' in version `bold'
(Font)                  OT1/cmr/bx/n --> OT1/ptmcm/m/n on input line 65.
LaTeX Font Info:    Redeclaring symbol font `letters' on input line 66.
LaTeX Font Info:    Overwriting symbol font `letters' in version `normal'
(Font)                  OML/cmm/m/it --> OML/ptmcm/m/it on input line 66.
LaTeX Font Info:    Overwriting symbol font `letters' in version `bold'
(Font)                  OML/cmm/b/it --> OML/ptmcm/m/it on input line 66.
LaTeX Font Info:    Redeclaring symbol font `symbols' on input line 67.
LaTeX Font Info:    Overwriting symbol font `symbols' in version `normal'
(Font)                  OMS/cmsy/m/n --> OMS/pzccm/m/n on input line 67.
LaTeX Font Info:    Overwriting symbol font `symbols' in version `bold'
(Font)                  OMS/cmsy/b/n --> OMS/pzccm/m/n on input line 67.
LaTeX Font Info:    Redeclaring symbol font `largesymbols' on input line 68.
LaTeX Font Info:    Overwriting symbol font `largesymbols' in version `normal'
(Font)                  OMX/cmex/m/n --> OMX/psycm/m/n on input line 68.
LaTeX Font Info:    Overwriting symbol font `largesymbols' in version `bold'
(Font)                  OMX/cmex/m/n --> OMX/psycm/m/n on input line 68.
\symbold=\mathgroup4
\symitalic=\mathgroup5
LaTeX Font Info:    Redeclaring math alphabet \mathbf on input line 74.
LaTeX Font Info:    Overwriting math alphabet `\mathbf' in version `normal'
(Font)                  OT1/cmr/bx/n --> OT1/ptm/bx/n on input line 74.
LaTeX Font Info:    Overwriting math alphabet `\mathbf' in version `bold'
(Font)                  OT1/cmr/bx/n --> OT1/ptm/bx/n on input line 74.
LaTeX Font Info:    Redeclaring math alphabet \mathit on input line 75.
LaTeX Font Info:    Overwriting math alphabet `\mathit' in version `normal'
(Font)                  OT1/cmr/m/it --> OT1/ptm/m/it on input line 75.
LaTeX Font Info:    Overwriting math alphabet `\mathit' in version `bold'
(Font)                  OT1/cmr/bx/it --> OT1/ptm/m/it on input line 75.
)
(/usr/share/texlive/texmf-dist/tex/latex/pdfpages/pdfpages.sty
Package: pdfpages 2015/09/18 v0.5d Insert pages of external PDF documents (AM)

(/usr/share/texlive/texmf-dist/tex/latex/base/ifthen.sty
Package: ifthen 2014/09/29 v1.1c Standard LaTeX ifthen package (DPC)
)
(/usr/share/texlive/texmf-dist/tex/latex/tools/calc.sty
Package: calc 2014/10/28 v4.3 Infix arithmetic (KKT,FJ)
\calc@Acount=\count103
\calc@Bcount=\count104
\calc@Adimen=\dimen125
\calc@Bdimen=\dimen126
\calc@Askip=\skip44
\calc@Bskip=\skip45
LaTeX Info: Redefining \setlength on input line 80.
LaTeX Info: Redefining \addtolength on input line 81.
\calc@Ccount=\count105
\calc@Cskip=\skip46
)
(/usr/share/texlive/texmf-dist/tex/latex/eso-pic/eso-pic.sty
Package: eso-pic 2015/07/21 v2.0g eso-pic (RN)

(/usr/share/texlive/texmf-dist/tex/latex/xcolor/xcolor.sty
Package: xcolor 2007/01/21 v2.11 LaTeX color extensions (UK)

(/usr/share/texlive/texmf-dist/tex/latex/latexconfig/color.cfg
File: color.cfg 2007/01/18 v1.5 color configuration of teTeX/TeXLive
)
Package xcolor Info: Driver file: pdftex.def on input line 225.
Package xcolor Info: Model `cmy' substituted by `cmy0' on input line 1337.
Package xcolor Info: Model `hsb' substituted by `rgb' on input line 1341.
Package xcolor Info: Model `RGB' extended on input line 1353.
Package xcolor Info: Model `HTML' substituted by `rgb' on input line 1355.
Package xcolor Info: Model `Hsb' substituted by `hsb' on input line 1356.
Package xcolor Info: Model `tHsb' substituted by `hsb' on input line 1357.
Package xcolor Info: Model `HSB' substituted by `hsb' on input line 1358.
Package xcolor Info: Model `Gray' substituted by `gray' on input line 1359.
Package xcolor Info: Model `wave' substituted by `hsb' on input line 1360.
))
\AM@pagewidth=\dimen127
\AM@pageheight=\dimen128

(/usr/share/texlive/texmf-dist/tex/latex/pdfpages/pppdftex.def
File: pppdftex.def 2015/09/18 v0.5d Pdfpages driver for pdfTeX (AM)
)
\AM@pagebox=\box26
\AM@toc@title=\toks16
\c@AM@survey=\count106
\AM@templatesizebox=\box27
)
(./fncychap.sty
Package: fncychap 2007/07/30 v1.34 LaTeX package (Revised chapters)
\RW=\skip47
\mylen=\skip48
\myhi=\skip49
\px=\skip50
\py=\skip51
\pyy=\skip52
\pxx=\skip53
) (/usr/share/texlive/texmf-dist/tex/latex/colortbl/colortbl.sty
Package: colortbl 2012/02/13 v1.0a Color table columns (DPC)
(/usr/share/texlive/texmf-dist/tex/latex/tools/array.sty
Package: array 2014/10/28 v2.4c Tabular extension package (FMi)
\col@sep=\dimen129
\extrarowheight=\dimen130
\NC@list=\toks17
\extratabsurround=\skip54
\backup@length=\skip55
)
\everycr=\toks18
\minrowclearance=\skip56
)
(/usr/share/texlive/texmf-dist/tex/latex/float/float.sty
Package: float 2001/11/08 v1.3d Float enhancements (AL)
\c@float@type=\count107
\float@exts=\toks19
\float@box=\box28
\@float@everytoks=\toks20
\@floatcapt=\box29
) (./fontenc.sty
Package: fontenc 2005/09/27 v1.99g Standard LaTeX package

(/usr/share/texlive/texmf-dist/tex/latex/base/t1enc.def
File: t1enc.def 2005/09/27 v1.99g Standard LaTeX file
LaTeX Font Info:    Redeclaring font encoding T1 on input line 48.
))
(/usr/share/texlive/texmf-dist/tex/latex/fancyhdr/fancyhdr.sty
\fancy@headwidth=\skip57
\f@ncyO@elh=\skip58
\f@ncyO@erh=\skip59
\f@ncyO@olh=\skip60
\f@ncyO@orh=\skip61
\f@ncyO@elf=\skip62
\f@ncyO@erf=\skip63
\f@ncyO@olf=\skip64
\f@ncyO@orf=\skip65
)
(/usr/share/texlive/texmf-dist/tex/latex/listings/listings.sty
\lst@mode=\count108
\lst@gtempboxa=\box30
\lst@token=\toks21
\lst@length=\count109
\lst@currlwidth=\dimen131
\lst@column=\count110
\lst@pos=\count111
\lst@lostspace=\dimen132
\lst@width=\dimen133
\lst@newlines=\count112
\lst@lineno=\count113
\lst@maxwidth=\dimen134

(/usr/share/texlive/texmf-dist/tex/latex/listings/lstmisc.sty
File: lstmisc.sty 2015/06/04 1.6 (Carsten Heinz)
\c@lstnumber=\count114
\lst@skipnumbers=\count115
\lst@framebox=\box31
)
(/usr/share/texlive/texmf-dist/tex/latex/listings/listings.cfg
File: listings.cfg 2015/06/04 1.6 listings configuration
))
Package: listings 2015/06/04 1.6 (Carsten Heinz)

(/usr/share/texlive/texmf-dist/tex/latex/listings/lstlang1.sty
File: lstlang1.sty 2015/06/04 1.6 listings language file
)
(/usr/share/texlive/texmf-dist/tex/latex/listings/lstmisc.sty
File: lstmisc.sty 2015/06/04 1.6 (Carsten Heinz)
)
(/usr/share/texlive/texmf-dist/tex/latex/fancyvrb/fancyvrb.sty
Package: fancyvrb 2008/02/07

Style option: `fancyvrb' v2.7a, with DG/SPQR fixes, and firstline=lastline fix 
<2008/02/07> (tvz)
\FV@CodeLineNo=\count116
\FV@InFile=\read1
\FV@TabBox=\box32
\c@FancyVerbLine=\count117
\FV@StepNumber=\count118
\FV@OutFile=\write3
) (/usr/share/texlive/texmf-dist/tex/latex/tools/hhline.sty
Package: hhline 2014/10/28 v2.03 Table rule package (DPC)
)
(/usr/share/texlive/texmf-dist/tex/latex/oberdiek/pdflscape.sty
Package: pdflscape 2008/08/11 v0.10 Display of landscape pages in PDF (HO)

(/usr/share/texlive/texmf-dist/tex/latex/graphics/lscape.sty
Package: lscape 2000/10/22 v3.01 Landscape Pages (DPC)
)
Package pdflscape Info: Auto-detected driver: pdftex on input line 80.
))
(/usr/share/texlive/texmf-dist/tex/latex/tools/longtable.sty
Package: longtable 2014/10/28 v4.11 Multi-page Table package (DPC)
\LTleft=\skip66
\LTright=\skip67
\LTpre=\skip68
\LTpost=\skip69
\LTchunksize=\count119
\LTcapwidth=\dimen135
\LT@head=\box33
\LT@firsthead=\box34
\LT@foot=\box35
\LT@lastfoot=\box36
\LT@cols=\count120
\LT@rows=\count121
\c@LT@tables=\count122
\c@LT@chunks=\count123
\LT@p@ftn=\toks22
)
(/usr/share/texlive/texmf-dist/tex/latex/natbib/natbib.sty
Package: natbib 2010/09/13 8.31b (PWD, AO)
\bibhang=\skip70
\bibsep=\skip71
LaTeX Info: Redefining \cite on input line 694.
\c@NAT@ctr=\count124
)
(/usr/share/texlive/texmf-dist/tex/latex/import/import.sty
Package: import 2009/03/23  v 5.1
)
(./laporan_setting.tex)
\@input{hype.indonesia.aux}
\openout2 = `hype.indonesia.aux'.

(./hype.indonesia.tex) (./istilah.tex) (./skripsi.aux (./sampul.aux)
(./judul_dalam.aux) (./orisinal.aux) (./pengesahan_sidang.aux) (./pengantar.aux
) (./persetujuan_publikasi.aux) (./abstrak.aux) (./abstract.aux)
(./bab1-pendahuluan.aux) (./bab2-tinjauan-pustaka.aux) (./bab3-rancangan.aux)
(./bab4-implementasi.aux

LaTeX Warning: Label `tab:statuscode' multiply defined.

) (./bab5-hasil.aux) (./bab6-penutup.aux) (./markLampiran.aux) (./lampiran.aux)
)
\openout1 = `skripsi.aux'.

LaTeX Font Info:    Checking defaults for OML/cmm/m/it on input line 33.
LaTeX Font Info:    ... okay on input line 33.
LaTeX Font Info:    Checking defaults for T1/cmr/m/n on input line 33.
LaTeX Font Info:    ... okay on input line 33.
LaTeX Font Info:    Checking defaults for OT1/cmr/m/n on input line 33.
LaTeX Font Info:    ... okay on input line 33.
LaTeX Font Info:    Checking defaults for OMS/pzccm/m/n on input line 33.
LaTeX Font Info:    Try loading font information for OMS+pzccm on input line 33
.
 (/usr/share/texlive/texmf-dist/tex/latex/psnfss/omspzccm.fd
File: omspzccm.fd 2000/01/03 Fontinst v1.801 font definitions for OMS/pzccm.
)
LaTeX Font Info:    ... okay on input line 33.
LaTeX Font Info:    Checking defaults for OMX/cmex/m/n on input line 33.
LaTeX Font Info:    ... okay on input line 33.
LaTeX Font Info:    Checking defaults for U/cmr/m/n on input line 33.
LaTeX Font Info:    ... okay on input line 33.
LaTeX Font Info:    Checking defaults for PD1/pdf/m/n on input line 33.
LaTeX Font Info:    ... okay on input line 33.
\AtBeginShipoutBox=\box37
Package hyperref Info: Link coloring OFF on input line 33.

(/usr/share/texlive/texmf-dist/tex/latex/hyperref/nameref.sty
Package: nameref 2012/10/27 v2.43 Cross-referencing by name of section

(/usr/share/texlive/texmf-dist/tex/generic/oberdiek/gettitlestring.sty
Package: gettitlestring 2010/12/03 v1.4 Cleanup title references (HO)
)
\c@section@level=\count125
)
LaTeX Info: Redefining \ref on input line 33.
LaTeX Info: Redefining \pageref on input line 33.
LaTeX Info: Redefining \nameref on input line 33.

(./skripsi.out) (./skripsi.out)
\@outlinefile=\write4
\openout4 = `skripsi.out'.


(/usr/share/texlive/texmf-dist/tex/context/base/supp-pdf.mkii
[Loading MPS to PDF converter (version 2006.09.02).]
\scratchcounter=\count126
\scratchdimen=\dimen136
\scratchbox=\box38
\nofMPsegments=\count127
\nofMParguments=\count128
\everyMPshowfont=\toks23
\MPscratchCnt=\count129
\MPscratchDim=\dimen137
\MPnumerator=\count130
\makeMPintoPDFobject=\count131
\everyMPtoPDFconversion=\toks24
) (/usr/share/texlive/texmf-dist/tex/latex/oberdiek/epstopdf-base.sty
Package: epstopdf-base 2010/02/09 v2.5 Base part for package epstopdf

(/usr/share/texlive/texmf-dist/tex/latex/oberdiek/grfext.sty
Package: grfext 2010/08/19 v1.1 Manage graphics extensions (HO)
)
Package grfext Info: Graphics extension search list:
(grfext)             [.png,.pdf,.jpg,.mps,.jpeg,.jbig2,.jb2,.PNG,.PDF,.JPG,.JPE
G,.JBIG2,.JB2,.eps]
(grfext)             \AppendGraphicsExtensions on input line 452.

(/usr/share/texlive/texmf-dist/tex/latex/latexconfig/epstopdf-sys.cfg
File: epstopdf-sys.cfg 2010/07/13 v1.3 Configuration of (r)epstopdf for TeX Liv
e
))
*geometry* driver: auto-detecting
*geometry* detected driver: pdftex
*geometry* verbose mode - [ preamble ] result:
* driver: pdftex
* paper: a4paper
* layout: <same size as paper>
* layoutoffset:(h,v)=(0.0pt,0.0pt)
* modes: 
* h-part:(L,W,R)=(113.81102pt, 398.3386pt, 85.35826pt)
* v-part:(T,H,B)=(85.35826pt, 674.33032pt, 85.35826pt)
* \paperwidth=597.50787pt
* \paperheight=845.04684pt
* \textwidth=398.3386pt
* \textheight=674.33032pt
* \oddsidemargin=41.54103pt
* \evensidemargin=41.54103pt
* \topmargin=-11.91173pt
* \headheight=0.0pt
* \headsep=25.0pt
* \topskip=12.0pt
* \footskip=30.0pt
* \marginparwidth=35.0pt
* \marginparsep=10.0pt
* \columnsep=10.0pt
* \skip\footins=10.8pt plus 4.0pt minus 2.0pt
* \hoffset=0.0pt
* \voffset=0.0pt
* \mag=1000
* \@twocolumnfalse
* \@twosidefalse
* \@mparswitchfalse
* \@reversemarginfalse
* (1in=72.27pt=25.4mm, 1cm=28.453pt)

Package caption Info: Begin \AtBeginDocument code.
Package caption Info: float package is loaded.
Package caption Info: listings package is loaded.
Package caption Info: longtable package is loaded.
(/usr/share/texlive/texmf-dist/tex/latex/caption/ltcaption.sty
Package: ltcaption 2013/06/09 v1.4-94 longtable captions (AR)
)
Package caption Info: End \AtBeginDocument code.
\c@lstlisting=\count132
\openout2 = `sampul.aux'.

 (./sampul.tex
<pics/makara.png, id=184, 154.86429pt x 154.34807pt>
File: pics/makara.png Graphic file (type png)
 <use pics/makara.png>
Package pdftex.def Info: pics/makara.png used on input line 14.
(pdftex.def)             Requested size: 71.13188pt x 70.89497pt.
LaTeX Font Info:    Font shape `T1/ptm/bx/n' in size <12> not available
(Font)              Font shape `T1/ptm/b/n' tried instead on input line 20.
LaTeX Font Info:    Font shape `T1/ptm/bx/it' in size <12> not available
(Font)              Font shape `T1/ptm/b/it' tried instead on input line 24.

[1




{/var/lib/texmf/fonts/map/pdftex/updmap/pdftex.map} <./pics/makara.png>])
\openout2 = `judul_dalam.aux'.


(./judul_dalam.tex
File: pics/makara.png Graphic file (type png)
 <use pics/makara.png>
Package pdftex.def Info: pics/makara.png used on input line 12.
(pdftex.def)             Requested size: 71.13188pt x 70.89497pt.
 [1


])
\openout2 = `orisinal.aux'.

 (./orisinal.tex
LaTeX Font Info:    Font shape `T1/ptm/bx/n' in size <14.4> not available
(Font)              Font shape `T1/ptm/b/n' tried instead on input line 8.
LaTeX Font Info:    Try loading font information for OT1+ptmcm on input line 17
.

(/usr/share/texlive/texmf-dist/tex/latex/psnfss/ot1ptmcm.fd
File: ot1ptmcm.fd 2000/01/03 Fontinst v1.801 font definitions for OT1/ptmcm.
)
LaTeX Font Info:    Try loading font information for OML+ptmcm on input line 17
.

(/usr/share/texlive/texmf-dist/tex/latex/psnfss/omlptmcm.fd
File: omlptmcm.fd 2000/01/03 Fontinst v1.801 font definitions for OML/ptmcm.
)
LaTeX Font Info:    Try loading font information for OMX+psycm on input line 17
.

(/usr/share/texlive/texmf-dist/tex/latex/psnfss/omxpsycm.fd
File: omxpsycm.fd 2000/01/03 Fontinst v1.801 font definitions for OMX/psycm.
)
LaTeX Font Info:    Font shape `OT1/ptm/bx/n' in size <12> not available
(Font)              Font shape `OT1/ptm/b/n' tried instead on input line 17.
LaTeX Font Info:    Font shape `OT1/ptm/bx/n' in size <9> not available
(Font)              Font shape `OT1/ptm/b/n' tried instead on input line 17.
LaTeX Font Info:    Font shape `OT1/ptm/bx/n' in size <7> not available
(Font)              Font shape `OT1/ptm/b/n' tried instead on input line 17.
 [2



])
\openout2 = `pengesahan_sidang.aux'.


(./pengesahan_sidang.tex
Overfull \hbox (14.74275pt too wide) in paragraph at lines 13--21
[] 
 []


Underfull \hbox (badness 10000) in paragraph at lines 13--21

 []


Underfull \hbox (badness 10000) in paragraph at lines 24--28

 []


Underfull \hbox (badness 10000) in paragraph at lines 35--43

 []

[3



])

Package hyperref Warning: Token not allowed in a PDF string (PDFDocEncoding):
(hyperref)                removing `\uppercase' on input line 65.

\openout2 = `pengantar.aux'.

(./pengantar.tex [4



])

Package Fancyhdr Warning: \headheight is too small (0.0pt): 
 Make it at least 14.49998pt.
 We now make it that large for the rest of the document.
 This may cause the page layout to be inconsistent, however.

LaTeX Font Info:    Font shape `T1/ptm/bx/n' in size <10> not available
(Font)              Font shape `T1/ptm/b/n' tried instead on input line 66.
LaTeX Font Info:    Font shape `T1/phv/bx/n' in size <10> not available
(Font)              Font shape `T1/phv/b/n' tried instead on input line 66.
LaTeX Font Info:    Font shape `T1/phv/b/n' will be
(Font)              scaled to size 8.99994pt on input line 66.
[5]
\openout2 = `persetujuan_publikasi.aux'.

 (./persetujuan_publikasi.tex
Underfull \hbox (badness 10000) in paragraph at lines 30--36

 []

[6



])
\openout2 = `abstrak.aux'.

 (./abstrak.tex
Underfull \hbox (badness 10000) in paragraph at lines 12--17

 []


Underfull \hbox (badness 10000) in paragraph at lines 25--27

 []

[7



])
\openout2 = `abstract.aux'.

 (./abstract.tex
Underfull \hbox (badness 10000) in paragraph at lines 12--17

 []


Underfull \hbox (badness 10000) in paragraph at lines 25--27

 []

[8



]) (./skripsi.toc [9


])
\tf@toc=\write5
\openout5 = `skripsi.toc'.



Package Fancyhdr Warning: \headheight is too small (0.0pt): 
 Make it at least 14.49998pt.
 We now make it that large for the rest of the document.
 This may cause the page layout to be inconsistent, however.

[10] (./skripsi.lof [11


])
\tf@lof=\write6
\openout6 = `skripsi.lof'.



Package Fancyhdr Warning: \headheight is too small (0.0pt): 
 Make it at least 14.49998pt.
 We now make it that large for the rest of the document.
 This may cause the page layout to be inconsistent, however.

[12] (./skripsi.lot)
\tf@lot=\write7
\openout7 = `skripsi.lot'.

 [13


] (./skripsi.lol)
\tf@lol=\write8
\openout8 = `skripsi.lol'.

 [14


]
\openout2 = `bab1-pendahuluan.aux'.

 (./bab1-pendahuluan.tex
BAB 1.

Package hyperref Warning: Token not allowed in a PDF string (PDFDocEncoding):
(hyperref)                removing `\uppercase' on input line 2.

pdfTeX warning (ext4): destination with the same identifier (name{page.1}) has 
been already used, duplicate ignored
<to be read again> 
                   \relax 
l.18 
      [1



] <pics/roadmapbab1.jpg, id=630, 915.42pt x 492.84125pt>
File: pics/roadmapbab1.jpg Graphic file (type jpg)

<use pics/roadmapbab1.jpg>
Package pdftex.def Info: pics/roadmapbab1.jpg used on input line 24.
(pdftex.def)             Requested size: 398.3386pt x 214.45189pt.


Package Fancyhdr Warning: \headheight is too small (0.0pt): 
 Make it at least 14.49998pt.
 We now make it that large for the rest of the document.
 This may cause the page layout to be inconsistent, however.

[2 <./pics/roadmapbab1.jpg>]
LaTeX Font Info:    Font shape `OMS/ptm/m/n' in size <12> not available
(Font)              Font shape `OMS/pzccm/m/n' tried instead on input line 60.

Underfull \hbox (badness 10000) in paragraph at lines 62--63

 []


Package Fancyhdr Warning: \headheight is too small (0.0pt): 
 Make it at least 14.49998pt.
 We now make it that large for the rest of the document.
 This may cause the page layout to be inconsistent, however.

[3]
Underfull \hbox (badness 10000) in paragraph at lines 65--66

 []


Underfull \hbox (badness 10000) in paragraph at lines 68--69

 []


Underfull \hbox (badness 10000) in paragraph at lines 72--73

 []


Underfull \hbox (badness 10000) in paragraph at lines 76--77

 []

)

Package Fancyhdr Warning: \headheight is too small (0.0pt): 
 Make it at least 14.49998pt.
 We now make it that large for the rest of the document.
 This may cause the page layout to be inconsistent, however.

[4]
\openout2 = `bab2-tinjauan-pustaka.aux'.

 (./bab2-tinjauan-pustaka.tex
BAB 2.

Package hyperref Warning: Token not allowed in a PDF string (PDFDocEncoding):
(hyperref)                removing `\uppercase' on input line 2.

<pics/domain.jpg, id=657, 245.41687pt x 121.95563pt>
File: pics/domain.jpg Graphic file (type jpg)
 <use pics/domain.jpg>
Package pdftex.def Info: pics/domain.jpg used on input line 27.
(pdftex.def)             Requested size: 278.83578pt x 138.56747pt.

[5



] <pics/relationClass.jpg, id=672, 412.54124pt x 160.34906pt>
File: pics/relationClass.jpg Graphic file (type jpg)

<use pics/relationClass.jpg>
Package pdftex.def Info: pics/relationClass.jpg used on input line 38.
(pdftex.def)             Requested size: 358.50229pt x 139.34596pt.


Package Fancyhdr Warning: \headheight is too small (0.0pt): 
 Make it at least 14.49998pt.
 We now make it that large for the rest of the document.
 This may cause the page layout to be inconsistent, however.

[6 <./pics/domain.jpg> <./pics/relationClass.jpg>]
<pics/subClass.jpg, id=679, 621.82312pt x 301.8778pt>
File: pics/subClass.jpg Graphic file (type jpg)
 <use pics/subClass.jpg>
Package pdftex.def Info: pics/subClass.jpg used on input line 51.
(pdftex.def)             Requested size: 398.3386pt x 193.38077pt.
LaTeX Font Info:    Font shape `T1/ptm/bx/it' in size <14.4> not available
(Font)              Font shape `T1/ptm/b/it' tried instead on input line 59.


Package Fancyhdr Warning: \headheight is too small (0.0pt): 
 Make it at least 14.49998pt.
 We now make it that large for the rest of the document.
 This may cause the page layout to be inconsistent, however.

[7 <./pics/subClass.jpg>]

Package Fancyhdr Warning: \headheight is too small (0.0pt): 
 Make it at least 14.49998pt.
 We now make it that large for the rest of the document.
 This may cause the page layout to be inconsistent, however.

[8] <pics/dataModel.png, id=705, 356.33125pt x 419.5675pt>
File: pics/dataModel.png Graphic file (type png)

<use pics/dataModel.png>
Package pdftex.def Info: pics/dataModel.png used on input line 77.
(pdftex.def)             Requested size: 199.1693pt x 234.51445pt.


Package Fancyhdr Warning: \headheight is too small (0.0pt): 
 Make it at least 14.49998pt.
 We now make it that large for the rest of the document.
 This may cause the page layout to be inconsistent, however.

[9 <./pics/dataModel.png>]

Package Fancyhdr Warning: \headheight is too small (0.0pt): 
 Make it at least 14.49998pt.
 We now make it that large for the rest of the document.
 This may cause the page layout to be inconsistent, however.

[10] <pics/spl.jpg, id=727, 485.6544pt x 277.5168pt>
File: pics/spl.jpg Graphic file (type jpg)
 <use pics/spl.jpg>
Package pdftex.def Info: pics/spl.jpg used on input line 98.
(pdftex.def)             Requested size: 438.17488pt x 250.39798pt.

Overfull \hbox (39.83629pt too wide) in paragraph at lines 98--99
 [][] 
 []

LaTeX Font Info:    Font shape `OT1/ptm/bx/n' in size <10.95> not available
(Font)              Font shape `OT1/ptm/b/n' tried instead on input line 104.
LaTeX Font Info:    Font shape `OT1/ptm/bx/n' in size <8> not available
(Font)              Font shape `OT1/ptm/b/n' tried instead on input line 104.
LaTeX Font Info:    Font shape `OT1/ptm/bx/n' in size <6> not available
(Font)              Font shape `OT1/ptm/b/n' tried instead on input line 104.
)

Package Fancyhdr Warning: \headheight is too small (0.0pt): 
 Make it at least 14.49998pt.
 We now make it that large for the rest of the document.
 This may cause the page layout to be inconsistent, however.

[11 <./pics/spl.jpg>]
\openout2 = `bab3-rancangan.aux'.

 (./bab3-rancangan.tex
BAB 3.

Package hyperref Warning: Token not allowed in a PDF string (PDFDocEncoding):
(hyperref)                removing `\uppercase' on input line 2.

<pics/skripsiRoadmapNew.jpg, id=734, 1326.9575pt x 679.53876pt>
File: pics/skripsiRoadmapNew.jpg Graphic file (type jpg)

<use pics/skripsiRoadmapNew.jpg>
Package pdftex.def Info: pics/skripsiRoadmapNew.jpg used on input line 15.
(pdftex.def)             Requested size: 398.3386pt x 203.98763pt.
 [12



 <./pics/skripsiRoadmapNew.jpg>]
<pics/partABSRoadmap.jpg, id=741, 257.46187pt x 415.5525pt>
File: pics/partABSRoadmap.jpg Graphic file (type jpg)

<use pics/partABSRoadmap.jpg>
Package pdftex.def Info: pics/partABSRoadmap.jpg used on input line 26.
(pdftex.def)             Requested size: 159.333pt x 257.177pt.


Package Fancyhdr Warning: \headheight is too small (0.0pt): 
 Make it at least 14.49998pt.
 We now make it that large for the rest of the document.
 This may cause the page layout to be inconsistent, however.

[13 <./pics/partABSRoadmap.jpg>]
<pics/partZotonicRoadmap.jpg, id=747, 521.69907pt x 459.96844pt>
File: pics/partZotonicRoadmap.jpg Graphic file (type jpg)

<use pics/partZotonicRoadmap.jpg>
Package pdftex.def Info: pics/partZotonicRoadmap.jpg used on input line 39.
(pdftex.def)             Requested size: 278.83578pt x 245.84557pt.
Package hyperref Info: bookmark level for unknown lstlisting defaults to 0 on i
nput line 53.
LaTeX Font Info:    Font shape `T1/pcr/bx/n' in size <10> not available
(Font)              Font shape `T1/pcr/b/n' tried instead on input line 53.

Overfull \hbox (17.62482pt too wide) in paragraph at lines 52--61
[]$[]$ 
 []


Underfull \hbox (badness 10000) in paragraph at lines 52--61

 []


Package Fancyhdr Warning: \headheight is too small (0.0pt): 
 Make it at least 14.49998pt.
 We now make it that large for the rest of the document.
 This may cause the page layout to be inconsistent, however.

[14 <./pics/partZotonicRoadmap.jpg>]

Package Fancyhdr Warning: \headheight is too small (0.0pt): 
 Make it at least 14.49998pt.
 We now make it that large for the rest of the document.
 This may cause the page layout to be inconsistent, however.

[15] <pics/adaptor.jpg, id=766, 733.74126pt x 427.5975pt>
File: pics/adaptor.jpg Graphic file (type jpg)

<use pics/adaptor.jpg>
Package pdftex.def Info: pics/adaptor.jpg used on input line 108.
(pdftex.def)             Requested size: 278.83578pt x 162.49525pt.

Overfull \hbox (17.62482pt too wide) in paragraph at lines 116--129
[]$[]$ 
 []


Underfull \hbox (badness 10000) in paragraph at lines 116--129

 []


Package Fancyhdr Warning: \headheight is too small (0.0pt): 
 Make it at least 14.49998pt.
 We now make it that large for the rest of the document.
 This may cause the page layout to be inconsistent, however.

[16 <./pics/adaptor.jpg>])

Package Fancyhdr Warning: \headheight is too small (0.0pt): 
 Make it at least 14.49998pt.
 We now make it that large for the rest of the document.
 This may cause the page layout to be inconsistent, however.

[17]
\openout2 = `bab4-implementasi.aux'.

 (./bab4-implementasi.tex
BAB 4.

Package hyperref Warning: Token not allowed in a PDF string (PDFDocEncoding):
(hyperref)                removing `\uppercase' on input line 2.


Overfull \hbox (17.62482pt too wide) in paragraph at lines 13--22
[]$[]$ 
 []


Underfull \hbox (badness 10000) in paragraph at lines 13--22

 []


Underfull \hbox (badness 10000) in paragraph at lines 13--22

 []


Overfull \hbox (17.62482pt too wide) in paragraph at lines 25--31
[]$[]$ 
 []


Underfull \hbox (badness 10000) in paragraph at lines 25--31

 []

[18



]
Overfull \hbox (17.62482pt too wide) in paragraph at lines 34--40
[]$[]$ 
 []


Overfull \hbox (17.62482pt too wide) in paragraph at lines 45--73
[]$[]$ 
 []


Underfull \hbox (badness 10000) in paragraph at lines 45--73

 []


Package Fancyhdr Warning: \headheight is too small (0.0pt): 
 Make it at least 14.49998pt.
 We now make it that large for the rest of the document.
 This may cause the page layout to be inconsistent, however.

[19]
Underfull \hbox (badness 3503) in paragraph at lines 74--75
\T1/pcr/m/n/12 #m{value=Q}) \T1/ptm/m/n/12 di-mana na-ma-Fungsi yang di-da-p-at
kan dari hasil pe-mang-gi-
 []


Underfull \hbox (badness 3849) in paragraph at lines 74--75
\T1/ptm/m/n/12 lan pada \T1/ptm/m/it/12 tem-plate en-gine \T1/ptm/m/n/12 akan m
en-jalankan fungsi \T1/pcr/m/n/12 m_find_value(Type,
 []


Underfull \hbox (badness 1122) in paragraph at lines 74--75
\T1/ptm/m/n/12 yang meny-im-pan \T1/ptm/m/it/12 maps \T1/ptm/m/n/12 hasil kem-b
alian terse-but ke dalam vari-abel Q. Lalu
 []


Underfull \hbox (badness 2608) in paragraph at lines 74--75
\T1/ptm/m/n/12 pa-ram-e-ter yang ter-da-pat pada \T1/ptm/m/it/12 tem-plate en-g
ine \T1/ptm/m/n/12 akan di-sim-pan oleh fungsi
 []


Package Fancyhdr Warning: \headheight is too small (0.0pt): 
 Make it at least 14.49998pt.
 We now make it that large for the rest of the document.
 This may cause the page layout to be inconsistent, however.

[20]
Overfull \hbox (17.62482pt too wide) in paragraph at lines 84--109
[]$[]$ 
 []


Package Fancyhdr Warning: \headheight is too small (0.0pt): 
 Make it at least 14.49998pt.
 We now make it that large for the rest of the document.
 This may cause the page layout to be inconsistent, however.

[21]

Package Fancyhdr Warning: \headheight is too small (0.0pt): 
 Make it at least 14.49998pt.
 We now make it that large for the rest of the document.
 This may cause the page layout to be inconsistent, however.

[22]
Overfull \hbox (17.62482pt too wide) in paragraph at lines 136--143
[]$[]$ 
 []


Underfull \hbox (badness 1939) in paragraph at lines 148--149
\T1/ptm/m/n/12 Fungsi lookup_rules meru-pakan fungsi yang mem-baca berkas rules
.txt dan
 []


Package Fancyhdr Warning: \headheight is too small (0.0pt): 
 Make it at least 14.49998pt.
 We now make it that large for the rest of the document.
 This may cause the page layout to be inconsistent, however.

[23]
Overfull \hbox (17.62482pt too wide) in paragraph at lines 150--175
[]$[]$ 
 []


Underfull \hbox (badness 10000) in paragraph at lines 185--197
\T1/ptm/m/n/12 Implementasi dari fungsi val-i-date_params da-pat di-li-hat se-b
a-gai berikut
 []


Package Fancyhdr Warning: \headheight is too small (0.0pt): 
 Make it at least 14.49998pt.
 We now make it that large for the rest of the document.
 This may cause the page layout to be inconsistent, however.

[24]
Overfull \hbox (17.62482pt too wide) in paragraph at lines 204--222
[]$[]$ 
 []


Package Fancyhdr Warning: \headheight is too small (0.0pt): 
 Make it at least 14.49998pt.
 We now make it that large for the rest of the document.
 This may cause the page layout to be inconsistent, however.

[25]
Overfull \hbox (17.62482pt too wide) in paragraph at lines 225--237
[]$[]$ 
 []


Overfull \hbox (17.62482pt too wide) in paragraph at lines 242--268
[]$[]$ 
 []


Underfull \hbox (badness 10000) in paragraph at lines 242--268

 []


Package Fancyhdr Warning: \headheight is too small (0.0pt): 
 Make it at least 14.49998pt.
 We now make it that large for the rest of the document.
 This may cause the page layout to be inconsistent, however.

[26]
Underfull \hbox (badness 10000) in paragraph at lines 269--275
[]\T1/ptm/m/n/12 Pada Kode []4.12[], da-pat di-li-hat bagaimana proses pen-jum-
la-han un-
 []


Underfull \hbox (badness 5331) in paragraph at lines 269--275
\T1/ptm/m/n/12 tuk fungsi to-tal di-lakukan se-cara \T1/ptm/m/it/12 javascript\
T1/ptm/m/n/12 . Sete-lah di-lakukan \T1/ptm/m/it/12 refac-
 []


Underfull \hbox (badness 6078) in paragraph at lines 269--275
\T1/ptm/m/it/12 tor-ing \T1/ptm/m/n/12 de-ngan cara me-man-faatkan im-ple-men-t
asi dari pe-mang-gi-lan \T1/ptm/m/it/12 adap-
 []


Underfull \hbox (badness 7362) in paragraph at lines 269--275
\T1/ptm/m/it/12 tor \T1/ptm/m/n/12 dari \T1/ptm/m/it/12 tem-plate\T1/ptm/m/n/12
 , maka Kode []4.12[] akan di-ganti men-jadi Kode []4.13[]
 []


Underfull \hbox (badness 10000) in paragraph at lines 269--275

 []

)

Package Fancyhdr Warning: \headheight is too small (0.0pt): 
 Make it at least 14.49998pt.
 We now make it that large for the rest of the document.
 This may cause the page layout to be inconsistent, however.

[27]
\openout2 = `bab5-hasil.aux'.

 (./bab5-hasil.tex
BAB 5.

Package hyperref Warning: Token not allowed in a PDF string (PDFDocEncoding):
(hyperref)                removing `\uppercase' on input line 2.


Underfull \hbox (badness 1009) in paragraph at lines 9--10
\T1/ptm/m/n/12 Agar on-tologi dan \T1/ptm/m/it/12 web ser-vices \T1/ptm/m/n/12 
da-pat ter-in-te-grasi, ter-da-pat be-be-rapa berkas
 []


Underfull \hbox (badness 10000) in paragraph at lines 9--10

 []

[28



]

Package Fancyhdr Warning: \headheight is too small (0.0pt): 
 Make it at least 14.49998pt.
 We now make it that large for the rest of the document.
 This may cause the page layout to be inconsistent, however.

[29]
Underfull \hbox (badness 1953) in paragraph at lines 80--86
[]\T1/ptm/m/n/12 Setelah mem-per-si-ap-kan database, se-lan-jut-nya edit berkas
 \T1/pcr/m/n/12 /etc/hosts
 []


Underfull \hbox (badness 10000) in paragraph at lines 80--86
\T1/ptm/m/n/12 de-ngan menam-bahkan na-m-a-site.dev yang di-arahkan menuju lo-
 []


Underfull \hbox (badness 4556) in paragraph at lines 80--86
\T1/ptm/m/n/12 cal host seperti pada kode []5.3[]. na-m-a-site meru-pakan nama 
dari
 []


Underfull \hbox (badness 10000) in paragraph at lines 80--86
\T1/ptm/m/it/12 site \T1/ptm/m/n/12 yang ingin dibuat. Dalam peneli-tian ini, p
enulis mem-
 []


Underfull \hbox (badness 10000) in paragraph at lines 80--86
\T1/ptm/m/n/12 buat site bsmi se-hingga na-m-a-site akan di-ubah men-jadi bsmi
 []


Underfull \hbox (badness 10000) in paragraph at lines 87--93
[]\T1/ptm/m/n/12 Selanjutnya da-pat men-jalankan pe-rin-tah seperti kode []5.4[
], un-
 []


Underfull \hbox (badness 10000) in paragraph at lines 87--93
\T1/ptm/m/n/12 tuk mem-buat \T1/ptm/m/it/12 site \T1/ptm/m/n/12 baru pada Zo-to
nic de-ngan \T1/ptm/m/it/12 tem-plate \T1/ptm/m/n/12 blog
 []


Underfull \hbox (badness 2189) in paragraph at lines 105--122
[]\T1/ptm/m/n/12 Setelah proses di-atas, Zo-tonic akan mem-buat se-buah folder 
baru pada
 []


Package Fancyhdr Warning: \headheight is too small (0.0pt): 
 Make it at least 14.49998pt.
 We now make it that large for the rest of the document.
 This may cause the page layout to be inconsistent, however.

[30] <pics/1-home.png, id=1008, 1314.9125pt x 716.6775pt>
File: pics/1-home.png Graphic file (type png)

<use pics/1-home.png>
Package pdftex.def Info: pics/1-home.png used on input line 132.
(pdftex.def)             Requested size: 398.3386pt x 217.10454pt.

<pics/2-adminLogon.png, id=1010, 982.42032pt x 533.74406pt>
File: pics/2-adminLogon.png Graphic file (type png)

<use pics/2-adminLogon.png>
Package pdftex.def Info: pics/2-adminLogon.png used on input line 142.
(pdftex.def)             Requested size: 398.3386pt x 216.41763pt.


Package Fancyhdr Warning: \headheight is too small (0.0pt): 
 Make it at least 14.49998pt.
 We now make it that large for the rest of the document.
 This may cause the page layout to be inconsistent, however.

[31 <./pics/1-home.png>]
<pics/3-adminDashboard.png, id=1029, 985.43156pt x 538.26094pt>
File: pics/3-adminDashboard.png Graphic file (type png)

<use pics/3-adminDashboard.png>
Package pdftex.def Info: pics/3-adminDashboard.png used on input line 152.
(pdftex.def)             Requested size: 398.3386pt x 217.58383pt.


Package Fancyhdr Warning: \headheight is too small (0.0pt): 
 Make it at least 14.49998pt.
 We now make it that large for the rest of the document.
 This may cause the page layout to be inconsistent, however.

[32 <./pics/2-adminLogon.png>]
<pics/3-createProgram.png, id=1036, 984.67876pt x 536.0025pt>
File: pics/3-createProgram.png Graphic file (type png)

<use pics/3-createProgram.png>
Package pdftex.def Info: pics/3-createProgram.png used on input line 163.
(pdftex.def)             Requested size: 398.3386pt x 216.83446pt.

<pics/4-editProgram.png, id=1039, 985.43156pt x 535.2497pt>
File: pics/4-editProgram.png Graphic file (type png)

<use pics/4-editProgram.png>
Package pdftex.def Info: pics/4-editProgram.png used on input line 173.
(pdftex.def)             Requested size: 398.3386pt x 216.36658pt.


Package Fancyhdr Warning: \headheight is too small (0.0pt): 
 Make it at least 14.49998pt.
 We now make it that large for the rest of the document.
 This may cause the page layout to be inconsistent, however.

[33 <./pics/3-adminDashboard.png> <./pics/3-createProgram.png>]
<pics/4-editProgram2.png, id=1045, 983.92593pt x 536.75531pt>
File: pics/4-editProgram2.png Graphic file (type png)

<use pics/4-editProgram2.png>
Package pdftex.def Info: pics/4-editProgram2.png used on input line 182.
(pdftex.def)             Requested size: 398.3386pt x 217.3028pt.

<pics/5-saveProgram.png, id=1048, 980.91469pt x 509.65407pt>
File: pics/5-saveProgram.png Graphic file (type png)

<use pics/5-saveProgram.png>
Package pdftex.def Info: pics/5-saveProgram.png used on input line 192.
(pdftex.def)             Requested size: 398.3386pt x 206.9609pt.


Package Fancyhdr Warning: \headheight is too small (0.0pt): 
 Make it at least 14.49998pt.
 We now make it that large for the rest of the document.
 This may cause the page layout to be inconsistent, however.

[34 <./pics/4-editProgram.png> <./pics/4-editProgram2.png>]
<pics/5-viewProgram.png, id=1056, 983.92593pt x 535.2497pt>
File: pics/5-viewProgram.png Graphic file (type png)

<use pics/5-viewProgram.png>
Package pdftex.def Info: pics/5-viewProgram.png used on input line 201.
(pdftex.def)             Requested size: 398.3386pt x 216.69327pt.

<pics/6-createDonation.png, id=1058, 985.43156pt x 535.2497pt>
File: pics/6-createDonation.png Graphic file (type png)

<use pics/6-createDonation.png>
Package pdftex.def Info: pics/6-createDonation.png used on input line 211.
(pdftex.def)             Requested size: 398.3386pt x 216.36658pt.


Package Fancyhdr Warning: \headheight is too small (0.0pt): 
 Make it at least 14.49998pt.
 We now make it that large for the rest of the document.
 This may cause the page layout to be inconsistent, however.

[35 <./pics/5-saveProgram.png> <./pics/5-viewProgram.png>]
<pics/7-editDonation.png, id=1067, 983.92593pt x 536.75531pt>
File: pics/7-editDonation.png Graphic file (type png)

<use pics/7-editDonation.png>
Package pdftex.def Info: pics/7-editDonation.png used on input line 221.
(pdftex.def)             Requested size: 398.3386pt x 217.3028pt.


Package Fancyhdr Warning: \headheight is too small (0.0pt): 
 Make it at least 14.49998pt.
 We now make it that large for the rest of the document.
 This may cause the page layout to be inconsistent, however.

[36 <./pics/6-createDonation.png>]
<pics/8-editDonation2.png, id=1073, 985.43156pt x 536.75531pt>
File: pics/8-editDonation2.png Graphic file (type png)

<use pics/8-editDonation2.png>
Package pdftex.def Info: pics/8-editDonation2.png used on input line 230.
(pdftex.def)             Requested size: 398.3386pt x 216.97519pt.

<pics/9-editDonation3.png, id=1076, 983.92593pt x 535.2497pt>
File: pics/9-editDonation3.png Graphic file (type png)

<use pics/9-editDonation3.png>
Package pdftex.def Info: pics/9-editDonation3.png used on input line 240.
(pdftex.def)             Requested size: 398.3386pt x 216.69327pt.


Package Fancyhdr Warning: \headheight is too small (0.0pt): 
 Make it at least 14.49998pt.
 We now make it that large for the rest of the document.
 This may cause the page layout to be inconsistent, however.

[37 <./pics/7-editDonation.png> <./pics/8-editDonation2.png>]
<pics/10-editDonation4.png, id=1084, 983.92593pt x 538.26094pt>
File: pics/10-editDonation4.png Graphic file (type png)

<use pics/10-editDonation4.png>
Package pdftex.def Info: pics/10-editDonation4.png used on input line 250.
(pdftex.def)             Requested size: 398.3386pt x 217.91235pt.

<pics/11-editDonation5.png, id=1086, 983.92593pt x 535.2497pt>
File: pics/11-editDonation5.png Graphic file (type png)

<use pics/11-editDonation5.png>
Package pdftex.def Info: pics/11-editDonation5.png used on input line 260.
(pdftex.def)             Requested size: 398.3386pt x 216.69327pt.


Package Fancyhdr Warning: \headheight is too small (0.0pt): 
 Make it at least 14.49998pt.
 We now make it that large for the rest of the document.
 This may cause the page layout to be inconsistent, however.

[38 <./pics/9-editDonation3.png> <./pics/10-editDonation4.png>]
<pics/12-saveDonation.png, id=1094, 985.43156pt x 506.6428pt>
File: pics/12-saveDonation.png Graphic file (type png)

<use pics/12-saveDonation.png>
Package pdftex.def Info: pics/12-saveDonation.png used on input line 270.
(pdftex.def)             Requested size: 398.3386pt x 204.80267pt.

<pics/12-viewprogram.png, id=1096, 983.92593pt x 535.2497pt>
File: pics/12-viewprogram.png Graphic file (type png)

<use pics/12-viewprogram.png>
Package pdftex.def Info: pics/12-viewprogram.png used on input line 280.
(pdftex.def)             Requested size: 398.3386pt x 216.69327pt.


Package Fancyhdr Warning: \headheight is too small (0.0pt): 
 Make it at least 14.49998pt.
 We now make it that large for the rest of the document.
 This may cause the page layout to be inconsistent, however.

[39 <./pics/11-editDonation5.png> <./pics/12-saveDonation.png>]
<pics/13-createDonation2.png, id=1104, 985.43156pt x 536.75531pt>
File: pics/13-createDonation2.png Graphic file (type png)

<use pics/13-createDonation2.png>
Package pdftex.def Info: pics/13-createDonation2.png used on input line 290.
(pdftex.def)             Requested size: 398.3386pt x 216.97519pt.


Package Fancyhdr Warning: \headheight is too small (0.0pt): 
 Make it at least 14.49998pt.
 We now make it that large for the rest of the document.
 This may cause the page layout to be inconsistent, however.

[40 <./pics/12-viewprogram.png>]
<pics/14-edit2Donation.png, id=1113, 985.43156pt x 536.75531pt>
File: pics/14-edit2Donation.png Graphic file (type png)

<use pics/14-edit2Donation.png>
Package pdftex.def Info: pics/14-edit2Donation.png used on input line 300.
(pdftex.def)             Requested size: 398.3386pt x 216.97519pt.

<pics/15-edit2Donation2.png, id=1115, 986.9372pt x 533.74406pt>
File: pics/15-edit2Donation2.png Graphic file (type png)

<use pics/15-edit2Donation2.png>
Package pdftex.def Info: pics/15-edit2Donation2.png used on input line 310.
(pdftex.def)             Requested size: 398.3386pt x 215.42403pt.


Package Fancyhdr Warning: \headheight is too small (0.0pt): 
 Make it at least 14.49998pt.
 We now make it that large for the rest of the document.
 This may cause the page layout to be inconsistent, however.

[41 <./pics/13-createDonation2.png> <./pics/14-edit2Donation.png>]
<pics/16-edit2Donation3.png, id=1124, 983.92593pt x 536.75531pt>
File: pics/16-edit2Donation3.png Graphic file (type png)

<use pics/16-edit2Donation3.png>
Package pdftex.def Info: pics/16-edit2Donation3.png used on input line 320.
(pdftex.def)             Requested size: 398.3386pt x 217.3028pt.

<pics/17-edit2Donation4.png, id=1125, 983.92593pt x 533.74406pt>
File: pics/17-edit2Donation4.png Graphic file (type png)

<use pics/17-edit2Donation4.png>
Package pdftex.def Info: pics/17-edit2Donation4.png used on input line 329.
(pdftex.def)             Requested size: 398.3386pt x 216.08371pt.


Package Fancyhdr Warning: \headheight is too small (0.0pt): 
 Make it at least 14.49998pt.
 We now make it that large for the rest of the document.
 This may cause the page layout to be inconsistent, however.

[42 <./pics/15-edit2Donation2.png> <./pics/16-edit2Donation3.png>]
<pics/18-dbdonation.png, id=1134, 982.42032pt x 506.6428pt>
File: pics/18-dbdonation.png Graphic file (type png)

<use pics/18-dbdonation.png>
Package pdftex.def Info: pics/18-dbdonation.png used on input line 339.
(pdftex.def)             Requested size: 398.3386pt x 205.42886pt.

<pics/19-viewProgram.png, id=1136, 983.92593pt x 535.2497pt>
File: pics/19-viewProgram.png Graphic file (type png)

<use pics/19-viewProgram.png>
Package pdftex.def Info: pics/19-viewProgram.png used on input line 349.
(pdftex.def)             Requested size: 398.3386pt x 216.69327pt.


Package Fancyhdr Warning: \headheight is too small (0.0pt): 
 Make it at least 14.49998pt.
 We now make it that large for the rest of the document.
 This may cause the page layout to be inconsistent, however.

[43 <./pics/17-edit2Donation4.png> <./pics/18-dbdonation.png>]
<pics/20-editProgramAfter.png, id=1144, 982.42032pt x 536.75531pt>
File: pics/20-editProgramAfter.png Graphic file (type png)

<use pics/20-editProgramAfter.png>
Package pdftex.def Info: pics/20-editProgramAfter.png used on input line 359.
(pdftex.def)             Requested size: 398.3386pt x 217.6386pt.

<pics/22-deleteDonation.png, id=1147, 985.43156pt x 535.2497pt>
File: pics/22-deleteDonation.png Graphic file (type png)

<use pics/22-deleteDonation.png>
Package pdftex.def Info: pics/22-deleteDonation.png used on input line 369.
(pdftex.def)             Requested size: 398.3386pt x 216.36658pt.


Package Fancyhdr Warning: \headheight is too small (0.0pt): 
 Make it at least 14.49998pt.
 We now make it that large for the rest of the document.
 This may cause the page layout to be inconsistent, however.

[44 <./pics/19-viewProgram.png> <./pics/20-editProgramAfter.png>]
<pics/23-deleteDonation.png, id=1154, 985.43156pt x 536.75531pt>
File: pics/23-deleteDonation.png Graphic file (type png)

<use pics/23-deleteDonation.png>
Package pdftex.def Info: pics/23-deleteDonation.png used on input line 378.
(pdftex.def)             Requested size: 398.3386pt x 216.97519pt.

<pics/25-dbdelete.png, id=1156, 981.6675pt x 508.90125pt>
File: pics/25-dbdelete.png Graphic file (type png)

<use pics/25-dbdelete.png>
Package pdftex.def Info: pics/25-dbdelete.png used on input line 388.
(pdftex.def)             Requested size: 398.3386pt x 206.4999pt.


Package Fancyhdr Warning: \headheight is too small (0.0pt): 
 Make it at least 14.49998pt.
 We now make it that large for the rest of the document.
 This may cause the page layout to be inconsistent, however.

[45 <./pics/22-deleteDonation.png> <./pics/23-deleteDonation.png>]
<pics/24-viewProgram.png, id=1164, 986.9372pt x 535.2497pt>
File: pics/24-viewProgram.png Graphic file (type png)

<use pics/24-viewProgram.png>
Package pdftex.def Info: pics/24-viewProgram.png used on input line 398.
(pdftex.def)             Requested size: 398.3386pt x 216.03171pt.


Package Fancyhdr Warning: \headheight is too small (0.0pt): 
 Make it at least 14.49998pt.
 We now make it that large for the rest of the document.
 This may cause the page layout to be inconsistent, however.

[46 <./pics/25-dbdelete.png>]
<pics/28-updateDonation.png, id=1172, 985.43156pt x 538.26094pt>
File: pics/28-updateDonation.png Graphic file (type png)

<use pics/28-updateDonation.png>
Package pdftex.def Info: pics/28-updateDonation.png used on input line 408.
(pdftex.def)             Requested size: 398.3386pt x 217.58383pt.

<pics/29-dbupdatedonation.png, id=1174, 983.92593pt x 508.14844pt>
File: pics/29-dbupdatedonation.png Graphic file (type png)

<use pics/29-dbupdatedonation.png>
Package pdftex.def Info: pics/29-dbupdatedonation.png used on input line 418.
(pdftex.def)             Requested size: 398.3386pt x 205.72145pt.


Package Fancyhdr Warning: \headheight is too small (0.0pt): 
 Make it at least 14.49998pt.
 We now make it that large for the rest of the document.
 This may cause the page layout to be inconsistent, however.

[47 <./pics/24-viewProgram.png> <./pics/28-updateDonation.png>]
<pics/29-viewprogramupdatedonation.png, id=1182, 986.9372pt x 535.2497pt>
File: pics/29-viewprogramupdatedonation.png Graphic file (type png)

<use pics/29-viewprogramupdatedonation.png>
Package pdftex.def Info: pics/29-viewprogramupdatedonation.png used on input li
ne 428.
(pdftex.def)             Requested size: 398.3386pt x 216.03171pt.

<pics/semantic-web.jpg, id=1183, 421.575pt x 466.74374pt>
File: pics/semantic-web.jpg Graphic file (type jpg)

<use pics/semantic-web.jpg>
Package pdftex.def Info: pics/semantic-web.jpg used on input line 441.
(pdftex.def)             Requested size: 199.1693pt x 220.5091pt.


Package Fancyhdr Warning: \headheight is too small (0.0pt): 
 Make it at least 14.49998pt.
 We now make it that large for the rest of the document.
 This may cause the page layout to be inconsistent, however.

[48 <./pics/29-dbupdatedonation.png> <./pics/29-viewprogramupdatedonation.png>]
<pics/100-program.png, id=1191, 1314.9125pt x 715.67375pt>
File: pics/100-program.png Graphic file (type png)

<use pics/100-program.png>
Package pdftex.def Info: pics/100-program.png used on input line 454.
(pdftex.def)             Requested size: 398.3386pt x 216.80048pt.


Package Fancyhdr Warning: \headheight is too small (0.0pt): 
 Make it at least 14.49998pt.
 We now make it that large for the rest of the document.
 This may cause the page layout to be inconsistent, however.

[49 <./pics/semantic-web.jpg>]
<pics/101-donasi.png, id=1197, 1315.91624pt x 716.6775pt>
File: pics/101-donasi.png Graphic file (type png)

<use pics/101-donasi.png>
Package pdftex.def Info: pics/101-donasi.png used on input line 465.
(pdftex.def)             Requested size: 398.3386pt x 216.9405pt.

<pics/101-donasi2.png, id=1198, 1313.90875pt x 715.67375pt>
File: pics/101-donasi2.png Graphic file (type png)

<use pics/101-donasi2.png>
Package pdftex.def Info: pics/101-donasi2.png used on input line 474.
(pdftex.def)             Requested size: 398.3386pt x 216.97519pt.


Package Fancyhdr Warning: \headheight is too small (0.0pt): 
 Make it at least 14.49998pt.
 We now make it that large for the rest of the document.
 This may cause the page layout to be inconsistent, however.

[50 <./pics/100-program.png> <./pics/101-donasi.png>])

Package Fancyhdr Warning: \headheight is too small (0.0pt): 
 Make it at least 14.49998pt.
 We now make it that large for the rest of the document.
 This may cause the page layout to be inconsistent, however.

[51 <./pics/101-donasi2.png>]
\openout2 = `bab6-penutup.aux'.

 (./bab6-penutup.tex
BAB 6.

Package hyperref Warning: Token not allowed in a PDF string (PDFDocEncoding):
(hyperref)                removing `\uppercase' on input line 2.

[52



])

Package Fancyhdr Warning: \headheight is too small (0.0pt): 
 Make it at least 14.49998pt.
 We now make it that large for the rest of the document.
 This may cause the page layout to be inconsistent, however.

[53] (./skripsi.bbl
Underfull \hbox (badness 10000) in paragraph at lines 4--10
[]\T1/ptm/m/n/12 Awwwards (2017).  What are frame-works? 22 best re-spon-sive
 []


Underfull \hbox (badness 10000) in paragraph at lines 4--10
\T1/ptm/m/n/12 css frame-works for web de-sign.  []$https : / / www . awwwards 
. com /
 []


Underfull \hbox (badness 10000) in paragraph at lines 4--10
\T1/ptm/m/n/12 what-[]are-[]frameworks-[]22-[]best-[]responsive-[]css-[]framewo
rks-[]for-[]web-[]design .
 []

) [54


]

Package Fancyhdr Warning: \headheight is too small (0.0pt): 
 Make it at least 14.49998pt.
 We now make it that large for the rest of the document.
 This may cause the page layout to be inconsistent, however.

[55]
\openout2 = `markLampiran.aux'.

 (./markLampiran.texpdfTeX warning (ext4): destination with the same identifier
 (name{page.1}) has been already used, duplicate ignored
<to be read again> 
                   \relax 
l.13 \end{titlepage}
                     [1

])
\openout2 = `lampiran.aux'.

 (./lampiran.tex
LaTeX Font Info:    Font shape `T1/pcr/bx/n' in size <14.4> not available
(Font)              Font shape `T1/pcr/b/n' tried instead on input line 5.
LaTeX Font Info:    Font shape `T1/pcr/bx/n' in size <8> not available
(Font)              Font shape `T1/pcr/b/n' tried instead on input line 7.
LaTeX Font Info:    Font shape `T1/pcr/bx/it' in size <8> not available
(Font)              Font shape `T1/pcr/b/it' tried instead on input line 20.
LaTeX Font Info:    Font shape `T1/pcr/b/it' in size <8> not available
(Font)              Font shape `T1/pcr/b/sl' tried instead on input line 20.
pdfTeX warning (ext4): destination with the same identifier (name{page.2}) has 
been already used, duplicate ignored
<to be read again> 
                   \relax 
l.51 	[K
        ey] = Q, [2



]

Package Fancyhdr Warning: \headheight is too small (0.0pt): 
 Make it at least 14.49998pt.
 We now make it that large for the rest of the document.
 This may cause the page layout to be inconsistent, however.

pdfTeX warning (ext4): destination with the same identifier (name{page.3}) has 
been already used, duplicate ignored
<to be read again> 
                   \relax 
l.108 	            [{e
                      rror, Error}]; [3]

Package Fancyhdr Warning: \headheight is too small (0.0pt): 
 Make it at least 14.49998pt.
 We now make it that large for the rest of the document.
 This may cause the page layout to be inconsistent, however.

pdfTeX warning (ext4): destination with the same identifier (name{page.4}) has 
been already used, duplicate ignored
<to be read again> 
                   \relax 
l.154 \chapter
              *{Lampiran 2 : Kode Sumber rules} [4]pdfTeX warning (ext4): desti
nation with the same identifier (name{page.5}) has been already used, duplicate
 ignored
<to be read again> 
                   \relax 
l.174 \chapter
              *{Lampiran 3 : Kode Sumber \textit{Web Service}} [5

]
(/usr/share/texlive/texmf-dist/tex/latex/listings/lstlang1.sty
File: lstlang1.sty 2015/06/04 1.6 listings language file
)
LaTeX Font Info:    Font shape `T1/pcr/bx/it' in size <10> not available
(Font)              Font shape `T1/pcr/b/it' tried instead on input line 187.
LaTeX Font Info:    Font shape `T1/pcr/b/it' in size <10> not available
(Font)              Font shape `T1/pcr/b/sl' tried instead on input line 187.
pdfTeX warning (ext4): destination with the same identifier (name{page.6}) has 
been already used, duplicate ignored
<to be read again> 
                   \relax 
l.210 		}
          [6

]

Package Fancyhdr Warning: \headheight is too small (0.0pt): 
 Make it at least 14.49998pt.
 We now make it that large for the rest of the document.
 This may cause the page layout to be inconsistent, however.

pdfTeX warning (ext4): destination with the same identifier (name{page.7}) has 
been already used, duplicate ignored
<to be read again> 
                   \relax 
l.241 \newpage
               [7]

Package Fancyhdr Warning: \headheight is too small (0.0pt): 
 Make it at least 14.49998pt.
 We now make it that large for the rest of the document.
 This may cause the page layout to be inconsistent, however.

pdfTeX warning (ext4): destination with the same identifier (name{page.8}) has 
been already used, duplicate ignored
<to be read again> 
                   \relax 
l.283 	public 
              Wrapper update(@RequestBody ProgramEntity programEntity){
[8]

Package Fancyhdr Warning: \headheight is too small (0.0pt): 
 Make it at least 14.49998pt.
 We now make it that large for the rest of the document.
 This may cause the page layout to be inconsistent, however.

pdfTeX warning (ext4): destination with the same identifier (name{page.9}) has 
been already used, duplicate ignored
<to be read again> 
                   \relax 
l.316 \newpage
               [9]

Package Fancyhdr Warning: \headheight is too small (0.0pt): 
 Make it at least 14.49998pt.
 We now make it that large for the rest of the document.
 This may cause the page layout to be inconsistent, however.

pdfTeX warning (ext4): destination with the same identifier (name{page.10}) has
 been already used, duplicate ignored
<to be read again> 
                   \relax 
l.361 	public 
              void setAmount(int amount) { [10]

Package Fancyhdr Warning: \headheight is too small (0.0pt): 
 Make it at least 14.49998pt.
 We now make it that large for the rest of the document.
 This may cause the page layout to be inconsistent, however.

pdfTeX warning (ext4): destination with the same identifier (name{page.11}) has
 been already used, duplicate ignored
<to be read again> 
                   \relax 
l.402 \newpage
               [11]

Package Fancyhdr Warning: \headheight is too small (0.0pt): 
 Make it at least 14.49998pt.
 We now make it that large for the rest of the document.
 This may cause the page layout to be inconsistent, however.

pdfTeX warning (ext4): destination with the same identifier (name{page.12}) has
 been already used, duplicate ignored
<to be read again> 
                   \relax 
l.447 		if 
           (name != null ? !name.equals(that.name) : that.name != null) retu...
[12]

Package Fancyhdr Warning: \headheight is too small (0.0pt): 
 Make it at least 14.49998pt.
 We now make it that large for the rest of the document.
 This may cause the page layout to be inconsistent, however.

pdfTeX warning (ext4): destination with the same identifier (name{page.13}) has
 been already used, duplicate ignored
<to be read again> 
                   \relax 
l.462 \newpage
               [13]

Package Fancyhdr Warning: \headheight is too small (0.0pt): 
 Make it at least 14.49998pt.
 We now make it that large for the rest of the document.
 This may cause the page layout to be inconsistent, however.

pdfTeX warning (ext4): destination with the same identifier (name{page.14}) has
 been already used, duplicate ignored
<to be read again> 
                   \relax 
l.506 	/*
         * [14]

Package Fancyhdr Warning: \headheight is too small (0.0pt): 
 Make it at least 14.49998pt.
 We now make it that large for the rest of the document.
 This may cause the page layout to be inconsistent, however.

pdfTeX warning (ext4): destination with the same identifier (name{page.15}) has
 been already used, duplicate ignored
<to be read again> 
                   \relax 
l.534 \newpage
               [15]

Package Fancyhdr Warning: \headheight is too small (0.0pt): 
 Make it at least 14.49998pt.
 We now make it that large for the rest of the document.
 This may cause the page layout to be inconsistent, however.

pdfTeX warning (ext4): destination with the same identifier (name{page.16}) has
 been already used, duplicate ignored
<to be read again> 
                   \relax 
l.567 \newpage
               [16]

Package Fancyhdr Warning: \headheight is too small (0.0pt): 
 Make it at least 14.49998pt.
 We now make it that large for the rest of the document.
 This may cause the page layout to be inconsistent, however.

pdfTeX warning (ext4): destination with the same identifier (name{page.17}) has
 been already used, duplicate ignored
<to be read again> 
                   \relax 
l.591 \newpage
               [17]

Package Fancyhdr Warning: \headheight is too small (0.0pt): 
 Make it at least 14.49998pt.
 We now make it that large for the rest of the document.
 This may cause the page layout to be inconsistent, however.

pdfTeX warning (ext4): destination with the same identifier (name{page.18}) has
 been already used, duplicate ignored
<to be read again> 
                   \relax 
l.635 }
        [18]

Package Fancyhdr Warning: \headheight is too small (0.0pt): 
 Make it at least 14.49998pt.
 We now make it that large for the rest of the document.
 This may cause the page layout to be inconsistent, however.

pdfTeX warning (ext4): destination with the same identifier (name{page.19}) has
 been already used, duplicate ignored
<to be read again> 
                   \relax 
l.639 \newpage
               [19])

Package Fancyhdr Warning: \headheight is too small (0.0pt): 
 Make it at least 14.49998pt.
 We now make it that large for the rest of the document.
 This may cause the page layout to be inconsistent, however.

pdfTeX warning (ext4): destination with the same identifier (name{page.20}) has
 been already used, duplicate ignored
<to be read again> 
                   \relax 
l.125 	\include{lampiran}
                          [20]
Package atveryend Info: Empty hook `BeforeClearDocument' on input line 128.
Package atveryend Info: Empty hook `AfterLastShipout' on input line 128.
 (./skripsi.aux (./sampul.aux) (./judul_dalam.aux) (./orisinal.aux) (./pengesah
an_sidang.aux) (./pengantar.aux)
(./persetujuan_publikasi.aux) (./abstrak.aux) (./abstract.aux)
(./bab1-pendahuluan.aux) (./bab2-tinjauan-pustaka.aux) (./bab3-rancangan.aux)
(./bab4-implementasi.aux) (./bab5-hasil.aux) (./bab6-penutup.aux)
(./markLampiran.aux) (./lampiran.aux))
Package atveryend Info: Executing hook `AtVeryEndDocument' on input line 128.
Package atveryend Info: Executing hook `AtEndAfterFileList' on input line 128.


Package rerunfilecheck Warning: File `skripsi.out' has changed.
(rerunfilecheck)                Rerun to get outlines right
(rerunfilecheck)                or use package `bookmark'.

Package rerunfilecheck Info: Checksums for `skripsi.out':
(rerunfilecheck)             Before: A96E015030242C692E82D7AC21DA6E66;3104
(rerunfilecheck)             After:  73742033F84064B82FEAD8908B6F190B;3200.

LaTeX Warning: There were multiply-defined labels.

Package atveryend Info: Empty hook `AtVeryVeryEnd' on input line 128.
 ) 
Here is how much of TeX's memory you used:
 13149 strings out of 493029
 193151 string characters out of 6136234
 499373 words of memory out of 5000000
 15224 multiletter control sequences out of 15000+600000
 63073 words of font info for 95 fonts, out of 8000000 for 9000
 1239 hyphenation exceptions out of 8191
 44i,12n,51p,1426b,1886s stack positions out of 5000i,500n,10000p,200000b,80000s
{/usr/share/texlive/texmf-dist/fonts/enc/dvips/base/8r.enc}</usr/share/texliv
e/texmf-dist/fonts/type1/public/amsfonts/cm/cmsy10.pfb></usr/share/texlive/texm
f-dist/fonts/type1/urw/courier/ucrb8a.pfb></usr/share/texlive/texmf-dist/fonts/
type1/urw/courier/ucrbo8a.pfb></usr/share/texlive/texmf-dist/fonts/type1/urw/co
urier/ucrr8a.pfb></usr/share/texlive/texmf-dist/fonts/type1/urw/helvetic/uhvb8a
.pfb></usr/share/texlive/texmf-dist/fonts/type1/urw/times/utmb8a.pfb></usr/shar
e/texlive/texmf-dist/fonts/type1/urw/times/utmbi8a.pfb></usr/share/texlive/texm
f-dist/fonts/type1/urw/times/utmr8a.pfb></usr/share/texlive/texmf-dist/fonts/ty
pe1/urw/times/utmri8a.pfb>
Output written on skripsi.pdf (90 pages, 5841317 bytes).
PDF statistics:
 2162 PDF objects out of 2487 (max. 8388607)
 1965 compressed objects within 20 object streams
 1008 named destinations out of 1200 (max. 500000)
 599 words of extra memory for PDF output out of 10000 (max. 10000000)

